{
  "RSpec": {
    "coverage": {
      "/Users/samellenrieder/ma_week_two/oystercard_2/oystercard_2/spec/oystercard_spec.rb": [
        1,
        null,
        1,
        4,
        null,
        1,
        1,
        null,
        1,
        1,
        null,
        null,
        1,
        1,
        null,
        null,
        1,
        1,
        1,
        2,
        null,
        null,
        1,
        1,
        null,
        null,
        1,
        1,
        1,
        1,
        1,
        1,
        null,
        null,
        1,
        1,
        1,
        null,
        null,
        1,
        1,
        1,
        1,
        1,
        null,
        null,
        1,
        1,
        1,
        1,
        1,
        0,
        null,
        null,
        1,
        1,
        2,
        null,
        null,
        1,
        1,
        1,
        3,
        null,
        null,
        1,
        1,
        1,
        1,
        1,
        null,
        null,
        1,
        1,
        1,
        1,
        1,
        0,
        null,
        null,
        1,
        1,
        1,
        1,
        null,
        null,
        1,
        1,
        1,
        1,
        1,
        0,
        null,
        null
      ],
      "/Users/samellenrieder/ma_week_two/oystercard_2/oystercard_2/lib/oystercard.rb": [
        1,
        1,
        null,
        1,
        1,
        1,
        null,
        null,
        null,
        1,
        1,
        null,
        1,
        1,
        null,
        1,
        14,
        14,
        14,
        null,
        null,
        1,
        10,
        9,
        9,
        null,
        null,
        1,
        11,
        null,
        null,
        1,
        7,
        1,
        null,
        6,
        null,
        null,
        null,
        null,
        1,
        0,
        0,
        null,
        0,
        null,
        null,
        null,
        0,
        0,
        0,
        0,
        null,
        null,
        null,
        0,
        null,
        0,
        0,
        0,
        null,
        null,
        null,
        null
      ]
    },
    "timestamp": 1502452984
  }
}
